2025-08-04 08:52:00 | DEBUG | repo=course-sys-int-systems-exam | action=pull
2025-01-12 09:56:00 | INFO | repo=course-sys-int-systems-exam | action=edit | files=5
2025-07-04 17:55:00 | DEBUG | repo=course-sys-int-systems-exam | action=pull
2025-02-14 07:43:00 | DEBUG | repo=course-sys-int-systems-exam | action=commit
2025-06-26 08:11:00 | DEBUG | repo=course-sys-int-systems-exam | action=edit | files=2
2025-03-22 19:48:00 | INFO | repo=course-sys-int-systems-exam | action=test | passed=true
2025-08-04 10:31:00 | WARN | repo=course-sys-int-systems-exam | action=commit
2025-01-26 15:21:00 | INFO | repo=course-sys-int-systems-exam | action=commit
2025-04-22 10:52:00 | INFO | repo=course-sys-int-systems-exam | action=edit | files=1
2025-11-19 20:28:00 | INFO | repo=course-sys-int-systems-exam | action=edit | files=4
2025-06-18 14:02:00 | DEBUG | repo=course-sys-int-systems-exam | action=commit
2025-06-16 18:30:00 | DEBUG | repo=course-sys-int-systems-exam | action=test | passed=true
2025-12-03 10:53:00 | DEBUG | repo=course-sys-int-systems-exam | action=commit
2025-03-07 14:18:00 | INFO | repo=course-sys-int-systems-exam | action=commit
2025-05-16 07:44:00 | DEBUG | repo=course-sys-int-systems-exam | action=edit | files=3
2025-04-08 12:59:00 | WARN | repo=course-sys-int-systems-exam | action=commit
2025-03-14 17:50:00 | DEBUG | repo=course-sys-int-systems-exam | action=pull
2025-10-18 17:56:00 | WARN | repo=course-sys-int-systems-exam | action=commit
2025-10-25 19:10:00 | INFO | repo=course-sys-int-systems-exam | action=commit
2025-07-09 11:08:00 | INFO | repo=course-sys-int-systems-exam | action=commit
